<?xml version="1.0" encoding="UTF-8"?>
<testsuite name="ExpressionEvaluator.MixedValueTest" tests="20" skipped="0" failures="0" errors="0" timestamp="2018-03-20T15:13:04" hostname="macbook-pro.home" time="0.026">
  <properties/>
  <testcase name="testIntegerNegation" classname="ExpressionEvaluator.MixedValueTest" time="0.0"/>
  <testcase name="testIntegerCastToDecimalDivision" classname="ExpressionEvaluator.MixedValueTest" time="0.002"/>
  <testcase name="testLogicalOr" classname="ExpressionEvaluator.MixedValueTest" time="0.0"/>
  <testcase name="testDecimalAddition" classname="ExpressionEvaluator.MixedValueTest" time="0.0"/>
  <testcase name="testLogicalNegation" classname="ExpressionEvaluator.MixedValueTest" time="0.0"/>
  <testcase name="testIntegerMultiplication" classname="ExpressionEvaluator.MixedValueTest" time="0.0"/>
  <testcase name="testIntegerCastToDecimalSubtraction" classname="ExpressionEvaluator.MixedValueTest" time="0.0"/>
  <testcase name="testIntegerSubtraction" classname="ExpressionEvaluator.MixedValueTest" time="0.0"/>
  <testcase name="testIntegerAddition" classname="ExpressionEvaluator.MixedValueTest" time="0.001"/>
  <testcase name="testDecimalSubtraction" classname="ExpressionEvaluator.MixedValueTest" time="0.0"/>
  <testcase name="testStringConcatenation" classname="ExpressionEvaluator.MixedValueTest" time="0.0"/>
  <testcase name="testDecimalMultiplication" classname="ExpressionEvaluator.MixedValueTest" time="0.0"/>
  <testcase name="testDecimalDivision" classname="ExpressionEvaluator.MixedValueTest" time="0.0"/>
  <testcase name="testIntegerComparision" classname="ExpressionEvaluator.MixedValueTest" time="0.0"/>
  <testcase name="testIntegerCastToDecimalAddition" classname="ExpressionEvaluator.MixedValueTest" time="0.001"/>
  <testcase name="testIncompatibleTypesExceptionMessage" classname="ExpressionEvaluator.MixedValueTest" time="0.01"/>
  <testcase name="testLogicalAnd" classname="ExpressionEvaluator.MixedValueTest" time="0.0"/>
  <testcase name="testDecimalComparision" classname="ExpressionEvaluator.MixedValueTest" time="0.0"/>
  <testcase name="testIntegerDivision" classname="ExpressionEvaluator.MixedValueTest" time="0.0"/>
  <testcase name="testIntegerCastToDecimalMultiplication" classname="ExpressionEvaluator.MixedValueTest" time="0.0"/>
  <system-out><![CDATA[]]></system-out>
  <system-err><![CDATA[]]></system-err>
</testsuite>
