<?xml version="1.0" encoding="UTF-8"?>
<testsuite name="TypeChecker.TypeCheckerTest" tests="10" skipped="0" failures="0" errors="0" timestamp="2018-03-20T15:13:04" hostname="macbook-pro.home" time="0.038">
  <properties/>
  <testcase name="checkInvalidStringIntegerTypesToOperatorsTest" classname="TypeChecker.TypeCheckerTest" time="0.011"/>
  <testcase name="checkInvalidIntegerBooleanTypesToOperatorsTest" classname="TypeChecker.TypeCheckerTest" time="0.003"/>
  <testcase name="checkDuplicateDefinitionsTest" classname="TypeChecker.TypeCheckerTest" time="0.003"/>
  <testcase name="checkConditionsEvaluationTypeTest" classname="TypeChecker.TypeCheckerTest" time="0.002"/>
  <testcase name="dependencyErrorTest" classname="TypeChecker.TypeCheckerTest" time="0.004"/>
  <testcase name="checkReferenceToUndefinedQuestionTest" classname="TypeChecker.TypeCheckerTest" time="0.003"/>
  <testcase name="checkInvalidOperationTest" classname="TypeChecker.TypeCheckerTest" time="0.003"/>
  <testcase name="checkDuplicateLabelsTest" classname="TypeChecker.TypeCheckerTest" time="0.002"/>
  <testcase name="checkInvalidTypesToOperatorsTest" classname="TypeChecker.TypeCheckerTest" time="0.004"/>
  <testcase name="checkInvalidComparisionTypesToOperatorsTest" classname="TypeChecker.TypeCheckerTest" time="0.002"/>
  <system-out><![CDATA[]]></system-out>
  <system-err><![CDATA[]]></system-err>
</testsuite>
