<?xml version="1.0" encoding="UTF-8"?>
<testsuite name="ql.TypeChecker.TypeCheckerTest" tests="10" skipped="0" failures="0" errors="0" timestamp="2018-03-20T19:54:07" hostname="macbook-pro.home" time="0.13">
  <properties/>
  <testcase name="checkInvalidStringIntegerTypesToOperatorsTest" classname="ql.TypeChecker.TypeCheckerTest" time="0.105"/>
  <testcase name="checkInvalidIntegerBooleanTypesToOperatorsTest" classname="ql.TypeChecker.TypeCheckerTest" time="0.004"/>
  <testcase name="checkDuplicateDefinitionsTest" classname="ql.TypeChecker.TypeCheckerTest" time="0.002"/>
  <testcase name="checkConditionsEvaluationTypeTest" classname="ql.TypeChecker.TypeCheckerTest" time="0.003"/>
  <testcase name="dependencyErrorTest" classname="ql.TypeChecker.TypeCheckerTest" time="0.004"/>
  <testcase name="checkReferenceToUndefinedQuestionTest" classname="ql.TypeChecker.TypeCheckerTest" time="0.004"/>
  <testcase name="checkInvalidOperationTest" classname="ql.TypeChecker.TypeCheckerTest" time="0.002"/>
  <testcase name="checkDuplicateLabelsTest" classname="ql.TypeChecker.TypeCheckerTest" time="0.001"/>
  <testcase name="checkInvalidTypesToOperatorsTest" classname="ql.TypeChecker.TypeCheckerTest" time="0.002"/>
  <testcase name="checkInvalidComparisionTypesToOperatorsTest" classname="ql.TypeChecker.TypeCheckerTest" time="0.002"/>
  <system-out><![CDATA[]]></system-out>
  <system-err><![CDATA[]]></system-err>
</testsuite>
