<?xml version="1.0" encoding="UTF-8"?>
<testsuite name="ql.ExpressionEvaluator.ASTExpressionEvaluatorTest" tests="1" skipped="0" failures="0" errors="0" timestamp="2018-03-20T19:54:07" hostname="macbook-pro.home" time="0.001">
  <properties/>
  <testcase name="simpleTest" classname="ql.ExpressionEvaluator.ASTExpressionEvaluatorTest" time="0.001"/>
  <system-out><![CDATA[]]></system-out>
  <system-err><![CDATA[]]></system-err>
</testsuite>
